2012-05-08 15:10:08 Emails: 
From: sryou1985@gmail.com
Cc: sryou1985@yahoo.co.jp
X-Mailer: CakePHP Email
Date: Tue, 08 May 2012 15:10:08 +0900
Message-ID: <4fa8b8c0a7484290a79802a30b44c24c@localhost>
MIME-Version: 1.0
Content-Type: text/plain; charset=UTF-8
Content-Transfer-Encoding: 8bit
テストnameです 様

テストです。ありがとうございました。
This email was sent using the CakePHP Framework, http://cakephp.org.


2012-05-08 15:29:20 Emails: 
From: sryou1985@gmail.com
Cc: sryou1985@yahoo.co.jp
X-Mailer: CakePHP Email
Date: Tue, 08 May 2012 15:29:20 +0900
Message-ID: <4fa8bd40c0e8461495f402a30b44c24c@localhost>
MIME-Version: 1.0
Content-Type: text/plain; charset=UTF-8
Content-Transfer-Encoding: 8bit
テストnameです 様

テストです。ありがとうございました。
This email was sent using the CakePHP Framework, http://cakephp.org.


2012-05-09 01:21:38 Emails: 
From:  <sryou1985@yahoo.co.jp>
X-Mailer: CakePHP Email
Date: Wed, 09 May 2012 01:21:38 +0900
Message-ID: <4fa9481209cc4dbd9b1102a60b44c24c@localhost>
MIME-Version: 1.0
Content-Type: text/plain; charset=utf-8
Content-Transfer-Encoding: 8bit
問い合わせ内容

---- 1. お名前 ----
 

---- 2. Eメールアドレス ----
sryou1985@yahoo.co.jp　

---- 3. お問い合わせカテゴリー ----
ご意見、ご要望　

---- 4. お問い合わせ内容 ----
　


2012-05-09 01:22:02 Emails: 
From: sssssssssssssss <sryou1985@yahoo.co.jp>
X-Mailer: CakePHP Email
Date: Wed, 09 May 2012 01:22:02 +0900
Message-ID: <4fa9482aea28406db4ac4db40b44c24c@localhost>
MIME-Version: 1.0
Content-Type: text/plain; charset=utf-8
Content-Transfer-Encoding: 8bit
問い合わせ内容

---- 1. お名前 ----
sssssssssssssss 

---- 2. Eメールアドレス ----
sryou1985@yahoo.co.jp　

---- 3. お問い合わせカテゴリー ----
ご意見、ご要望　

---- 4. お問い合わせ内容 ----
sssssssssss　


